[2025-01-13T17:54:45.130+0000] {taskinstance.py:1956} INFO - Dependencies all met for dep_context=non-requeueable deps ti=<TaskInstance: insert_date.start_log manual__2025-01-13T17:54:41.067867+00:00 [queued]>
[2025-01-13T17:54:45.137+0000] {taskinstance.py:1956} INFO - Dependencies all met for dep_context=requeueable deps ti=<TaskInstance: insert_date.start_log manual__2025-01-13T17:54:41.067867+00:00 [queued]>
[2025-01-13T17:54:45.138+0000] {taskinstance.py:2170} INFO - Starting attempt 1 of 3
[2025-01-13T17:54:45.254+0000] {taskinstance.py:2191} INFO - Executing <Task(PythonOperator): start_log> on 2025-01-13 17:54:41.067867+00:00
[2025-01-13T17:54:45.261+0000] {standard_task_runner.py:60} INFO - Started process 2111 to run task
[2025-01-13T17:54:45.263+0000] {standard_task_runner.py:87} INFO - Running: ['***', 'tasks', 'run', 'insert_date', 'start_log', 'manual__2025-01-13T17:54:41.067867+00:00', '--job-id', '3016', '--raw', '--subdir', 'DAGS_FOLDER/insert_data.py', '--cfg-path', '/tmp/tmpeczuw3y7']
[2025-01-13T17:54:45.265+0000] {standard_task_runner.py:88} INFO - Job 3016: Subtask start_log
[2025-01-13T17:54:45.304+0000] {task_command.py:423} INFO - Running <TaskInstance: insert_date.start_log manual__2025-01-13T17:54:41.067867+00:00 [running]> on host 711845a6becd
[2025-01-13T17:54:45.364+0000] {taskinstance.py:2480} INFO - Exporting env vars: AIRFLOW_CTX_DAG_OWNER='budanovsa' AIRFLOW_CTX_DAG_ID='insert_date' AIRFLOW_CTX_TASK_ID='start_log' AIRFLOW_CTX_EXECUTION_DATE='2025-01-13T17:54:41.067867+00:00' AIRFLOW_CTX_TRY_NUMBER='1' AIRFLOW_CTX_DAG_RUN_ID='manual__2025-01-13T17:54:41.067867+00:00'
[2025-01-13T17:54:45.415+0000] {taskinstance.py:2698} ERROR - Task failed with exception
Traceback (most recent call last):
  File "/home/airflow/.local/lib/python3.8/site-packages/sqlalchemy/engine/base.py", line 1910, in _execute_context
    self.dialect.do_execute(
  File "/home/airflow/.local/lib/python3.8/site-packages/sqlalchemy/engine/default.py", line 736, in do_execute
    cursor.execute(statement, parameters)
psycopg2.errors.UndefinedTable: ОШИБКА:  отношение "log.logt" не существует
LINE 2:             INSERT INTO log.logt (execution_datetime, event_...
                                ^


The above exception was the direct cause of the following exception:

Traceback (most recent call last):
  File "/home/airflow/.local/lib/python3.8/site-packages/airflow/models/taskinstance.py", line 433, in _execute_task
    result = execute_callable(context=context, **execute_callable_kwargs)
  File "/home/airflow/.local/lib/python3.8/site-packages/airflow/operators/python.py", line 199, in execute
    return_value = self.execute_callable()
  File "/home/airflow/.local/lib/python3.8/site-packages/airflow/operators/python.py", line 216, in execute_callable
    return self.python_callable(*self.op_args, **self.op_kwargs)
  File "/opt/airflow/dags/insert_data.py", line 53, in start_log
    connection.execute(f"""
  File "/home/airflow/.local/lib/python3.8/site-packages/sqlalchemy/engine/base.py", line 1370, in execute
    return self._exec_driver_sql(
  File "/home/airflow/.local/lib/python3.8/site-packages/sqlalchemy/engine/base.py", line 1674, in _exec_driver_sql
    ret = self._execute_context(
  File "/home/airflow/.local/lib/python3.8/site-packages/sqlalchemy/engine/base.py", line 1953, in _execute_context
    self._handle_dbapi_exception(
  File "/home/airflow/.local/lib/python3.8/site-packages/sqlalchemy/engine/base.py", line 2134, in _handle_dbapi_exception
    util.raise_(
  File "/home/airflow/.local/lib/python3.8/site-packages/sqlalchemy/util/compat.py", line 211, in raise_
    raise exception
  File "/home/airflow/.local/lib/python3.8/site-packages/sqlalchemy/engine/base.py", line 1910, in _execute_context
    self.dialect.do_execute(
  File "/home/airflow/.local/lib/python3.8/site-packages/sqlalchemy/engine/default.py", line 736, in do_execute
    cursor.execute(statement, parameters)
sqlalchemy.exc.ProgrammingError: (psycopg2.errors.UndefinedTable) ОШИБКА:  отношение "log.logt" не существует
LINE 2:             INSERT INTO log.logt (execution_datetime, event_...
                                ^

[SQL: 
            INSERT INTO log.logt (execution_datetime, event_datetime, event_name)
            VALUES ('2025-01-13 17:54:41.067867', '2025-01-13T17:54:45.410784', 'dag_run');
        ]
(Background on this error at: https://sqlalche.me/e/14/f405)
[2025-01-13T17:54:45.426+0000] {taskinstance.py:1138} INFO - Marking task as UP_FOR_RETRY. dag_id=insert_date, task_id=start_log, execution_date=20250113T175441, start_date=20250113T175445, end_date=20250113T175445
[2025-01-13T17:54:45.439+0000] {standard_task_runner.py:107} ERROR - Failed to execute job 3016 for task start_log ((psycopg2.errors.UndefinedTable) ОШИБКА:  отношение "log.logt" не существует
LINE 2:             INSERT INTO log.logt (execution_datetime, event_...
                                ^

[SQL: 
            INSERT INTO log.logt (execution_datetime, event_datetime, event_name)
            VALUES ('2025-01-13 17:54:41.067867', '2025-01-13T17:54:45.410784', 'dag_run');
        ]
(Background on this error at: https://sqlalche.me/e/14/f405); 2111)
[2025-01-13T17:54:45.476+0000] {local_task_job_runner.py:234} INFO - Task exited with return code 1
[2025-01-13T17:54:45.499+0000] {taskinstance.py:3280} INFO - 0 downstream tasks scheduled from follow-on schedule check
